00:02:34.728 [JettyServerThreadPool-44] ERROR app.controllers.ExceptionController - 200: Text '1990-01-011' could not be parsed, unparsed text found at index 10
00:04:45.372 [JettyServerThreadPool-31] ERROR app.controllers.ExceptionController - 200: Doctor with ID 9 not found
00:24:49.020 [JettyServerThreadPool-44] ERROR app.controllers.ExceptionController - Unhandled exception - Message: Doctor with ID 9 not found, Type: jakarta.persistence.EntityNotFoundException
00:24:59.845 [JettyServerThreadPool-31] ERROR app.controllers.ExceptionController - Unhandled exception - Message: For input string: "j", Type: java.lang.NumberFormatException
00:25:04.376 [JettyServerThreadPool-32] ERROR app.controllers.ExceptionController - Unhandled exception - Message: No enum constant app.enums.Speciality.PSYCHIATRYJ, Type: java.lang.IllegalArgumentException
00:25:19.265 [JettyServerThreadPool-33] ERROR app.controllers.ExceptionController - Unhandled exception - Message: Text '1990-01-013' could not be parsed, unparsed text found at index 10, Type: java.time.format.DateTimeParseException
00:30:05.621 [JettyServerThreadPool-44] ERROR app.controllers.ExceptionController - 200: Doctor with ID 9 not found
00:35:26.065 [JettyServerThreadPool-44] ERROR app.controllers.ExceptionController - 200: Doctor with ID 9 not found, Type: class jakarta.persistence.EntityNotFoundException
00:38:03.175 [JettyServerThreadPool-44] ERROR app.controllers.ExceptionController - STATUS: 200, MESSAGE: Doctor with ID 11 not found, TYPE: class jakarta.persistence.EntityNotFoundException
00:39:25.316 [JettyServerThreadPool-44] ERROR app.controllers.ExceptionController - STATUS: 200, MESSAGE: Doctor with ID 44 not found, TYPE: jakarta.persistence.EntityNotFoundException
00:49:25.274 [JettyServerThreadPool-44] ERROR app.controllers.ExceptionController - STATUS: 200, MESSAGE: Doctor with ID 44 not found, TYPE: class jakarta.persistence.EntityNotFoundException
00:52:14.803 [JettyServerThreadPool-44] ERROR app.controllers.ExceptionController - STATUS: 404, MESSAGE: Doctor not found
00:58:58.278 [JettyServerThreadPool-44] ERROR app.controllers.ExceptionController - STATUS: 404, MESSAGE: Doctor not found
00:59:46.865 [JettyServerThreadPool-44] ERROR app.controllers.ExceptionController - STATUS: 200, MESSAGE: Cannot invoke "app.entities.Doctor.getId()" because "doctor" is null, TYPE: class java.lang.NullPointerException
01:01:03.409 [JettyServerThreadPool-44] ERROR app.controllers.ExceptionController - STATUS: 404, MESSAGE: Doctor not found2024-10-31 01:01:03.407
01:03:08.440 [JettyServerThreadPool-44] ERROR app.controllers.ExceptionController - STATUS: 200, MESSAGE: Doctor with ID 100 not found, TYPE: class jakarta.persistence.EntityNotFoundException
01:07:07.755 [JettyServerThreadPool-44] ERROR app.controllers.ExceptionController - STATUS: 200, MESSAGE: Doctor with ID 100 not found, TYPE: class jakarta.persistence.EntityNotFoundException
01:22:25.961 [JettyServerThreadPool-44] ERROR app.controllers.ExceptionController - STATUS: 404, MESSAGE: Doctor not found
01:29:47.057 [JettyServerThreadPool-44] ERROR app.controllers.ExceptionController - STATUS: 404, MESSAGE: Doctor not found
01:33:35.221 [JettyServerThreadPool-44] ERROR app.controllers.ExceptionController - STATUS: 200, MESSAGE: Doctor with id 100 not found, TYPE: class jakarta.persistence.EntityNotFoundException
01:33:42.941 [JettyServerThreadPool-31] ERROR app.controllers.ExceptionController - STATUS: 200, MESSAGE: Doctor with id 100 not found, TYPE: class jakarta.persistence.EntityNotFoundException
01:36:00.954 [JettyServerThreadPool-44] ERROR app.controllers.ExceptionController - STATUS: 404, MESSAGE: Doctor with id 333 not found
01:37:39.717 [JettyServerThreadPool-44] ERROR app.controllers.ExceptionController - STATUS: 400, MESSAGE: Doctor with id 333 not found
01:46:22.245 [JettyServerThreadPool-44] ERROR app.controllers.ExceptionController - STATUS: 404, MESSAGE: Doctor with ID 333 not found
01:46:36.786 [JettyServerThreadPool-31] ERROR app.controllers.ExceptionController - STATUS: 400, MESSAGE: Invalid ID format. Please provide a numeric ID.
01:48:41.216 [JettyServerThreadPool-44] ERROR app.controllers.ExceptionController - STATUS: 400, MESSAGE: Invalid ID format. Please provide a numeric ID.
01:48:54.668 [JettyServerThreadPool-31] ERROR app.controllers.ExceptionController - STATUS: 404, MESSAGE: Doctor with ID 99 not found
02:03:08.859 [JettyServerThreadPool-31] ERROR app.controllers.ExceptionController - STATUS: 404, MESSAGE: Doctor with ID 99 not found
02:03:14.336 [JettyServerThreadPool-32] ERROR app.controllers.ExceptionController - STATUS: 400, MESSAGE: Invalid ID format. Please provide a numeric ID.
02:03:44.300 [JettyServerThreadPool-35] ERROR app.controllers.ExceptionController - STATUS: 400, MESSAGE: Invalid speciality provided. Please check the speciality and try again.
02:03:53.534 [JettyServerThreadPool-36] ERROR app.controllers.ExceptionController - STATUS: 400, MESSAGE: Invalid speciality provided. Please check the speciality and try again.
02:04:21.123 [JettyServerThreadPool-32] ERROR app.controllers.ExceptionController - STATUS: 400, MESSAGE: Invalid date format. Please use the format YYYY-MM-DD for both dates.
02:06:12.796 [JettyServerThreadPool-42] ERROR app.controllers.ExceptionController - STATUS: 404, MESSAGE: No doctors found with speciality GERIATRICS
02:07:00.876 [JettyServerThreadPool-44] ERROR app.controllers.ExceptionController - STATUS: 400, MESSAGE: Invalid date format. Please use the format YYYY-MM-DD for both dates.
02:07:09.695 [JettyServerThreadPool-45] ERROR app.controllers.ExceptionController - STATUS: 404, MESSAGE: No doctors found with birthdate between 1111-01-01 and 1111-01-01
02:07:26.491 [JettyServerThreadPool-30] ERROR app.controllers.ExceptionController - STATUS: 500, MESSAGE: An error occurred while creating the doctor. Please try again later.
02:07:52.958 [JettyServerThreadPool-32] ERROR app.controllers.ExceptionController - STATUS: 500, MESSAGE: An error occurred while creating the doctor. Please try again later.
02:08:38.864 [JettyServerThreadPool-33] ERROR app.controllers.ExceptionController - STATUS: 200, MESSAGE: Cannot invoke "app.entities.Doctor.setName(String)" because "doctorToUpdate" is null, TYPE: class java.lang.NullPointerException
02:10:02.187 [JettyServerThreadPool-35] ERROR app.controllers.ExceptionController - STATUS: 400, MESSAGE: Invalid ID format. Please provide a numeric ID.
02:10:09.062 [JettyServerThreadPool-35] ERROR app.controllers.ExceptionController - STATUS: 200, MESSAGE: Cannot invoke "app.entities.Doctor.setName(String)" because "doctorToUpdate" is null, TYPE: class java.lang.NullPointerException
02:11:16.872 [JettyServerThreadPool-34] ERROR app.controllers.ExceptionController - STATUS: 404, MESSAGE: Doctor with ID 12 not found
02:11:21.991 [JettyServerThreadPool-30] ERROR app.controllers.ExceptionController - STATUS: 400, MESSAGE: Invalid ID format. Please provide a numeric ID.
02:11:37.405 [JettyServerThreadPool-36] ERROR app.controllers.ExceptionController - STATUS: 200, MESSAGE: Cannot invoke "app.entities.Doctor.setName(String)" because "doctorToUpdate" is null, TYPE: class java.lang.NullPointerException
02:16:48.615 [JettyServerThreadPool-44] ERROR app.controllers.ExceptionController - STATUS: 200, MESSAGE: Doctor with ID 9 not found, TYPE: class jakarta.persistence.EntityNotFoundException
02:24:02.976 [JettyServerThreadPool-31] ERROR app.controllers.ExceptionController - STATUS: 404, MESSAGE: Doctor with ID 9 not found
02:24:09.526 [JettyServerThreadPool-32] ERROR app.controllers.ExceptionController - STATUS: 400, MESSAGE: Invalid ID format. Please provide a numeric ID.For input string: "k"
